     1                                  section .text
     2                                  global _start
     3                                  
     4                                  _start:
     5 00000000 48B808070605040302-     mov rax, 0x0102030405060708
     6 00000009 01                 
     7 0000000A 49B808070605040302-     mov r8,  0x0102030405060708
     8 00000013 01                 
     9 00000014 49B908070605040302-     mov r9,  0x0102030405060708
    10 0000001D 01                 
    11 0000001E 49BA08070605040302-     mov r10, 0x0102030405060708
    12 00000027 01                 
    13 00000028 49BB08070605040302-     mov r11, 0x0102030405060708
    14 00000031 01                 
    15 00000032 49BC08070605040302-     mov r12, 0x0102030405060708
    16 0000003B 01                 
    17 0000003C 49BD08070605040302-     mov r13, 0x0102030405060708
    18 00000045 01                 
    19 00000046 49BE08070605040302-     mov r14, 0x0102030405060708
    20 0000004F 01                 
